2026-03-25 15:49:49 - src.utils.helpers - INFO - 📁 Лог-файл создан: /workspace/logs/hackerone_20260325_154949.log
2026-03-25 15:49:49 - __main__ - INFO - Запуск: limit=2, reports=3, headless=True
2026-03-25 15:49:49 - WDM - INFO - ====== WebDriver manager ======
2026-03-25 15:49:49 - WDM - INFO - Get LATEST chromedriver version for google-chrome
2026-03-25 15:49:49 - WDM - INFO - About to download new driver from https://chromedriver.storage.googleapis.com/114.0.5735.90/chromedriver_linux64.zip
2026-03-25 15:49:49 - WDM - INFO - Driver downloading response is 200
2026-03-25 15:49:49 - WDM - INFO - Get LATEST chromedriver version for google-chrome
2026-03-25 15:49:49 - WDM - INFO - Get LATEST chromedriver version for google-chrome
2026-03-25 15:49:49 - WDM - INFO - Driver has been saved in cache [/root/.wdm/drivers/chromedriver/linux64/114.0.5735.90]
2026-03-25 15:49:50 - src.clients.hackerone_scraper - ERROR - ❌ Ошибка инициализации браузера: Message: unknown error: cannot find Chrome binary
Stacktrace:
#0 0x5611f6f694e3 <unknown>
#1 0x5611f6c98c76 <unknown>
#2 0x5611f6cbf757 <unknown>
#3 0x5611f6cbe029 <unknown>
#4 0x5611f6cfcccc <unknown>
#5 0x5611f6cfc47f <unknown>
#6 0x5611f6cf3de3 <unknown>
#7 0x5611f6cc92dd <unknown>
#8 0x5611f6cca34e <unknown>
#9 0x5611f6f293e4 <unknown>
#10 0x5611f6f2d3d7 <unknown>
#11 0x5611f6f37b20 <unknown>
#12 0x5611f6f2e023 <unknown>
#13 0x5611f6efc1aa <unknown>
#14 0x5611f6f526b8 <unknown>
#15 0x5611f6f52847 <unknown>
#16 0x5611f6f62243 <unknown>
#17 0x7f363fa671f5 <unknown>

2026-03-25 15:49:50 - __main__ - ERROR - ❌ Критическая ошибка: Message: unknown error: cannot find Chrome binary
Stacktrace:
#0 0x5611f6f694e3 <unknown>
#1 0x5611f6c98c76 <unknown>
#2 0x5611f6cbf757 <unknown>
#3 0x5611f6cbe029 <unknown>
#4 0x5611f6cfcccc <unknown>
#5 0x5611f6cfc47f <unknown>
#6 0x5611f6cf3de3 <unknown>
#7 0x5611f6cc92dd <unknown>
#8 0x5611f6cca34e <unknown>
#9 0x5611f6f293e4 <unknown>
#10 0x5611f6f2d3d7 <unknown>
#11 0x5611f6f37b20 <unknown>
#12 0x5611f6f2e023 <unknown>
#13 0x5611f6efc1aa <unknown>
#14 0x5611f6f526b8 <unknown>
#15 0x5611f6f52847 <unknown>
#16 0x5611f6f62243 <unknown>
#17 0x7f363fa671f5 <unknown>
Traceback (most recent call last):
  File "/workspace/main.py", line 86, in main
    scraper = HackerOneScraper(headless=headless)
              ^^^^^^^^^^^^^^^^^^^^^^^^^^^^^^^^^^^
  File "/workspace/src/clients/hackerone_scraper.py", line 42, in __init__
    self._init_browser()
  File "/workspace/src/clients/hackerone_scraper.py", line 90, in _init_browser
    self.driver = webdriver.Chrome(service=service, options=chrome_options)
                  ^^^^^^^^^^^^^^^^^^^^^^^^^^^^^^^^^^^^^^^^^^^^^^^^^^^^^^^^^
  File "/usr/local/lib/python3.12/site-packages/selenium/webdriver/chrome/webdriver.py", line 45, in __init__
    super().__init__(
  File "/usr/local/lib/python3.12/site-packages/selenium/webdriver/chromium/webdriver.py", line 66, in __init__
    super().__init__(command_executor=executor, options=self.options)
  File "/usr/local/lib/python3.12/site-packages/selenium/webdriver/common/webdriver.py", line 25, in __init__
    super().__init__(*args, **kwargs)
  File "/usr/local/lib/python3.12/site-packages/selenium/webdriver/remote/webdriver.py", line 271, in __init__
    self.start_session(capabilities)
  File "/usr/local/lib/python3.12/site-packages/selenium/webdriver/remote/webdriver.py", line 366, in start_session
    response = self.execute(Command.NEW_SESSION, caps)["value"]
               ^^^^^^^^^^^^^^^^^^^^^^^^^^^^^^^^^^^^^^^
  File "/usr/local/lib/python3.12/site-packages/selenium/webdriver/remote/webdriver.py", line 446, in execute
    self.error_handler.check_response(response)
  File "/usr/local/lib/python3.12/site-packages/selenium/webdriver/remote/errorhandler.py", line 232, in check_response
    raise exception_class(message, screen, stacktrace)
selenium.common.exceptions.WebDriverException: Message: unknown error: cannot find Chrome binary
Stacktrace:
#0 0x5611f6f694e3 <unknown>
#1 0x5611f6c98c76 <unknown>
#2 0x5611f6cbf757 <unknown>
#3 0x5611f6cbe029 <unknown>
#4 0x5611f6cfcccc <unknown>
#5 0x5611f6cfc47f <unknown>
#6 0x5611f6cf3de3 <unknown>
#7 0x5611f6cc92dd <unknown>
#8 0x5611f6cca34e <unknown>
#9 0x5611f6f293e4 <unknown>
#10 0x5611f6f2d3d7 <unknown>
#11 0x5611f6f37b20 <unknown>
#12 0x5611f6f2e023 <unknown>
#13 0x5611f6efc1aa <unknown>
#14 0x5611f6f526b8 <unknown>
#15 0x5611f6f52847 <unknown>
#16 0x5611f6f62243 <unknown>
#17 0x7f363fa671f5 <unknown>

